<?xml version="1.0" encoding="UTF-8"?>
<robot generator="Robot 3.2.2 (Python 3.9.1 on win32)" generated="20230228 09:53:07.975" rpa="false">
<suite id="s1" name="Amazon Testes" source="f:\Tout\Importante\Programming\Udemy\Robot\amazon_testes.robot">
<test id="s1-t1" name="Caso de Teste 01 - Acesso ao menu &quot;Eletrônicos&quot;">
<kw name="Abrir o navegador" library="amazon_resources" type="setup">
<kw name="Open Browser" library="SeleniumLibrary">
<doc>Opens a new browser instance to the optional ``url``.</doc>
<arguments>
<arg>browser=chrome</arg>
</arguments>
<msg timestamp="20230228 09:53:08.183" level="INFO">Opening browser 'chrome' to base url 'None'.</msg>
<status status="PASS" starttime="20230228 09:53:08.183" endtime="20230228 09:53:09.234"></status>
</kw>
<kw name="Maximize Browser Window" library="SeleniumLibrary">
<doc>Maximizes current browser window.</doc>
<status status="PASS" starttime="20230228 09:53:09.235" endtime="20230228 09:53:09.353"></status>
</kw>
<status status="PASS" starttime="20230228 09:53:08.182" endtime="20230228 09:53:09.353"></status>
</kw>
<kw name="Acessar a home page do site Amazon.com.br" library="amazon_resources">
<kw name="Go To" library="SeleniumLibrary">
<doc>Navigates the current browser window to the provided ``url``.</doc>
<arguments>
<arg>url=${URL}</arg>
</arguments>
<msg timestamp="20230228 09:53:09.354" level="INFO">Opening url 'http://www.amazon.com.br'</msg>
<status status="PASS" starttime="20230228 09:53:09.353" endtime="20230228 09:53:11.563"></status>
</kw>
<kw name="Wait Until Element Is Visible" library="SeleniumLibrary">
<doc>Waits until the element ``locator`` is visible.</doc>
<arguments>
<arg>locator=${MENU_ELETRONICOS}</arg>
</arguments>
<status status="PASS" starttime="20230228 09:53:11.564" endtime="20230228 09:53:11.590"></status>
</kw>
<status status="PASS" starttime="20230228 09:53:09.353" endtime="20230228 09:53:11.590"></status>
</kw>
<kw name="Verficar se o título da página fica &quot;Amazon.com.br | Tudo pra você, de A a Z.&quot;" library="amazon_resources">
<kw name="Title Should Be" library="SeleniumLibrary">
<doc>Verifies that the current page title equals ``title``.</doc>
<arguments>
<arg>title=${TITULO}</arg>
</arguments>
<msg timestamp="20230228 09:53:11.595" level="INFO">Page title is 'Amazon.com.br | Tudo pra você, de A a Z.'.</msg>
<status status="PASS" starttime="20230228 09:53:11.591" endtime="20230228 09:53:11.595"></status>
</kw>
<status status="PASS" starttime="20230228 09:53:11.591" endtime="20230228 09:53:11.596"></status>
</kw>
<kw name="Entrar no menu &quot;Eletrônicos&quot;" library="amazon_resources">
<kw name="Click Element" library="SeleniumLibrary">
<doc>Click the element identified by ``locator``.</doc>
<arguments>
<arg>locator=${MENU_ELETRONICOS}</arg>
</arguments>
<msg timestamp="20230228 09:53:11.598" level="INFO">Clicking element '//a[@href='/Eletronicos-e-Tecnologia/b/?ie=UTF8&amp;node=16209062011&amp;ref_=nav_cs_electronics'][contains(.,'Eletrônicos')]'.</msg>
<status status="PASS" starttime="20230228 09:53:11.597" endtime="20230228 09:53:12.558"></status>
</kw>
<status status="PASS" starttime="20230228 09:53:11.597" endtime="20230228 09:53:12.559"></status>
</kw>
<kw name="Verificar se aparece a frase &quot;Eletrônicos e Tecnologia&quot;" library="amazon_resources">
<kw name="Wait Until Page Contains" library="SeleniumLibrary">
<doc>Waits until ``text`` appears on the current page.</doc>
<arguments>
<arg>text=${FRASE}</arg>
</arguments>
<status status="PASS" starttime="20230228 09:53:12.561" endtime="20230228 09:53:12.588"></status>
</kw>
<kw name="Wait Until Element Is Visible" library="SeleniumLibrary">
<doc>Waits until the element ``locator`` is visible.</doc>
<arguments>
<arg>locator=${HEADER_ELETRONICOS}</arg>
</arguments>
<status status="PASS" starttime="20230228 09:53:12.588" endtime="20230228 09:53:13.142"></status>
</kw>
<status status="PASS" starttime="20230228 09:53:12.560" endtime="20230228 09:53:13.142"></status>
</kw>
<kw name="Verficar se o título da página fica &quot;Eletrônicos e Tecnologia | Amazon.com.br&quot;" library="amazon_resources">
<kw name="Title Should Be" library="SeleniumLibrary">
<doc>Verifies that the current page title equals ``title``.</doc>
<arguments>
<arg>title=${TITULO}</arg>
</arguments>
<msg timestamp="20230228 09:53:13.213" level="INFO">Page title is 'Eletrônicos e Tecnologia | Amazon.com.br'.</msg>
<status status="PASS" starttime="20230228 09:53:13.143" endtime="20230228 09:53:13.214"></status>
</kw>
<status status="PASS" starttime="20230228 09:53:13.143" endtime="20230228 09:53:13.214"></status>
</kw>
<kw name="Verificar se aparece a categoria &quot;Computadores e Informática&quot;" library="amazon_resources">
<kw name="Element Should Be Visible" library="SeleniumLibrary">
<doc>Verifies that the element identified by ``locator`` is visible.</doc>
<arguments>
<arg>locator=//a[@aria-label='${NOME_CATEGORIA}']</arg>
</arguments>
<msg timestamp="20230228 09:53:13.441" level="INFO">Element '//a[@aria-label='Computadores e Informática']' is displayed.</msg>
<status status="PASS" starttime="20230228 09:53:13.215" endtime="20230228 09:53:13.441"></status>
</kw>
<status status="PASS" starttime="20230228 09:53:13.215" endtime="20230228 09:53:13.442"></status>
</kw>
<kw name="Fechar o navegador" library="amazon_resources" type="teardown">
<kw name="Capture Page Screenshot" library="SeleniumLibrary">
<doc>Takes a screenshot of the current page and embeds it into a log file.</doc>
<msg timestamp="20230228 09:53:13.777" level="INFO" html="yes">&lt;/td&gt;&lt;/tr&gt;&lt;tr&gt;&lt;td colspan="3"&gt;&lt;a href="selenium-screenshot-5.png"&gt;&lt;img src="selenium-screenshot-5.png" width="800px"&gt;&lt;/a&gt;</msg>
<status status="PASS" starttime="20230228 09:53:13.443" endtime="20230228 09:53:13.777"></status>
</kw>
<kw name="Close Browser" library="SeleniumLibrary">
<doc>Closes the current browser.</doc>
<status status="PASS" starttime="20230228 09:53:13.777" endtime="20230228 09:53:15.913"></status>
</kw>
<status status="PASS" starttime="20230228 09:53:13.443" endtime="20230228 09:53:15.913"></status>
</kw>
<doc>Verifica o menu eletronicos do site da Amazon</doc>
<tags>
<tag>categorias</tag>
<tag>menus</tag>
</tags>
<status status="PASS" starttime="20230228 09:53:08.181" endtime="20230228 09:53:15.914" critical="yes"></status>
</test>
<test id="s1-t2" name="Caso de Teste 02 - Pesquisa de um Produto">
<kw name="Abrir o navegador" library="amazon_resources" type="setup">
<kw name="Open Browser" library="SeleniumLibrary">
<doc>Opens a new browser instance to the optional ``url``.</doc>
<arguments>
<arg>browser=chrome</arg>
</arguments>
<msg timestamp="20230228 09:53:15.917" level="INFO">Opening browser 'chrome' to base url 'None'.</msg>
<status status="PASS" starttime="20230228 09:53:15.917" endtime="20230228 09:53:16.936"></status>
</kw>
<kw name="Maximize Browser Window" library="SeleniumLibrary">
<doc>Maximizes current browser window.</doc>
<status status="PASS" starttime="20230228 09:53:16.936" endtime="20230228 09:53:17.051"></status>
</kw>
<status status="PASS" starttime="20230228 09:53:15.916" endtime="20230228 09:53:17.051"></status>
</kw>
<kw name="Acessar a home page do site Amazon.com.br" library="amazon_resources">
<kw name="Go To" library="SeleniumLibrary">
<doc>Navigates the current browser window to the provided ``url``.</doc>
<arguments>
<arg>url=${URL}</arg>
</arguments>
<msg timestamp="20230228 09:53:17.054" level="INFO">Opening url 'http://www.amazon.com.br'</msg>
<status status="PASS" starttime="20230228 09:53:17.054" endtime="20230228 09:53:19.247"></status>
</kw>
<kw name="Wait Until Element Is Visible" library="SeleniumLibrary">
<doc>Waits until the element ``locator`` is visible.</doc>
<arguments>
<arg>locator=${MENU_ELETRONICOS}</arg>
</arguments>
<status status="PASS" starttime="20230228 09:53:19.247" endtime="20230228 09:53:19.274"></status>
</kw>
<status status="PASS" starttime="20230228 09:53:17.052" endtime="20230228 09:53:19.274"></status>
</kw>
<kw name="Digitar o nome de produto &quot;Xbox Series S&quot; no campo de pesquisa" library="amazon_resources">
<kw name="Input Text" library="SeleniumLibrary">
<doc>Types the given ``text`` into the text field identified by ``locator``.</doc>
<arguments>
<arg>locator=twotabsearchtextbox</arg>
<arg>text=${PRODUTO}</arg>
</arguments>
<msg timestamp="20230228 09:53:19.276" level="INFO">Typing text 'Xbox Series S' into text field 'twotabsearchtextbox'.</msg>
<status status="PASS" starttime="20230228 09:53:19.276" endtime="20230228 09:53:19.419"></status>
</kw>
<status status="PASS" starttime="20230228 09:53:19.275" endtime="20230228 09:53:19.419"></status>
</kw>
<kw name="Clicar no botão de pesquisa" library="amazon_resources">
<kw name="Click Button" library="SeleniumLibrary">
<doc>Clicks the button identified by ``locator``.</doc>
<arguments>
<arg>locator=nav-search-submit-button</arg>
</arguments>
<msg timestamp="20230228 09:53:19.422" level="INFO">Clicking button 'nav-search-submit-button'.</msg>
<status status="PASS" starttime="20230228 09:53:19.422" endtime="20230228 09:53:19.534"></status>
</kw>
<status status="PASS" starttime="20230228 09:53:19.421" endtime="20230228 09:53:19.534"></status>
</kw>
<kw name="Verificar o resultado da pesquisa, listando o produto &quot;Console Xbox Series S&quot;" library="amazon_resources">
<kw name="Wait Until Element Is Visible" library="SeleniumLibrary">
<doc>Waits until the element ``locator`` is visible.</doc>
<arguments>
<arg>locator=//span[@class='a-size-base-plus a-color-base a-text-normal'][contains(.,'${PRODUTO}')]</arg>
</arguments>
<status status="PASS" starttime="20230228 09:53:19.538" endtime="20230228 09:53:20.728"></status>
</kw>
<status status="PASS" starttime="20230228 09:53:19.536" endtime="20230228 09:53:20.729"></status>
</kw>
<kw name="Fechar o navegador" library="amazon_resources" type="teardown">
<kw name="Capture Page Screenshot" library="SeleniumLibrary">
<doc>Takes a screenshot of the current page and embeds it into a log file.</doc>
<msg timestamp="20230228 09:53:21.185" level="INFO" html="yes">&lt;/td&gt;&lt;/tr&gt;&lt;tr&gt;&lt;td colspan="3"&gt;&lt;a href="selenium-screenshot-6.png"&gt;&lt;img src="selenium-screenshot-6.png" width="800px"&gt;&lt;/a&gt;</msg>
<status status="PASS" starttime="20230228 09:53:20.731" endtime="20230228 09:53:21.186"></status>
</kw>
<kw name="Close Browser" library="SeleniumLibrary">
<doc>Closes the current browser.</doc>
<status status="PASS" starttime="20230228 09:53:21.187" endtime="20230228 09:53:23.307"></status>
</kw>
<status status="PASS" starttime="20230228 09:53:20.730" endtime="20230228 09:53:23.308"></status>
</kw>
<doc>Verifica a busca de um produto</doc>
<tags>
<tag>busca_produtos</tag>
<tag>lista_busca</tag>
</tags>
<status status="PASS" starttime="20230228 09:53:15.915" endtime="20230228 09:53:23.308" critical="yes"></status>
</test>
<doc>Essa suite testa o site da Amazon</doc>
<status status="PASS" starttime="20230228 09:53:07.980" endtime="20230228 09:53:23.310"></status>
</suite>
<statistics>
<total>
<stat pass="2" fail="0">Critical Tests</stat>
<stat pass="2" fail="0">All Tests</stat>
</total>
<tag>
<stat pass="1" fail="0">busca_produtos</stat>
<stat pass="1" fail="0">categorias</stat>
<stat pass="1" fail="0">lista_busca</stat>
<stat pass="1" fail="0">menus</stat>
</tag>
<suite>
<stat pass="2" fail="0" id="s1" name="Amazon Testes">Amazon Testes</stat>
</suite>
</statistics>
<errors>
</errors>
</robot>
